help.are
kavir.are
limbo.are
smurf.are
fortress.are
plains.are
ofcol2.are
forest.are
olympus.are
air.are
shire.are
hitower.are
gnome.are
wyvern.are
catacomb.are
hood.are
draconia.are
mahntor.are
ultima.are
trollden.are
firenewt.are
midgaard.are
chapel.are
midennir.are
grave.are
school.are
moria.are
juargan.are
eastern.are
drow.are
thalos.are
mirror.are
ofcol.are
arachnos.are
daycare.are
sewer.are
astral.are
valley.are
mega1.are
atlantis.are
dream.are
marsh.are
dylan.are
canyon.are
galaxy.are
mobfact.are
doom.are
eoeasy.are
dragon2.are
dragonheart.are
sunyata.are
eohard.are
start.are
quest.are
Vallanda.are
weed.are
hell.are
heaven.are
dystopia.are
dawnjobo.are
classeq.are
domeship.are
disney.are
classhq.are
willaz1.are
workshop.are
jatr1.are
zarius.are
kingone.are
area77.are
area78.are
area79.are
area80.are
area82.are
area83.are
area84.are
mobprogs.are
$
